[debug] [2022-02-03T07:56:12.044Z] ----------------------------------------------------------------------
[debug] [2022-02-03T07:56:12.045Z] Command:       C:\nvm\v16.13.2\node.exe C:\sparta_react\my_dic\node_modules\firebase-tools\lib\bin\firebase.js login
[debug] [2022-02-03T07:56:12.046Z] CLI Version:   10.1.4
[debug] [2022-02-03T07:56:12.046Z] Platform:      win32
[debug] [2022-02-03T07:56:12.046Z] Node Version:  v16.13.2
[debug] [2022-02-03T07:56:12.049Z] Time:          Thu Feb 03 2022 16:56:12 GMT+0900 (대한민국 표준시)
[debug] [2022-02-03T07:56:12.050Z] ----------------------------------------------------------------------
[debug] 
[debug] [2022-02-03T07:56:12.055Z] >>> [apiv2][query] GET https://firebase-public.firebaseio.com/cli.json [none]
[info] i  Firebase optionally collects CLI usage and error reporting information to help improve our products. Data is collected in accordance with Google's privacy policy (https://policies.google.com/privacy) and is not used to identify you.
 
[debug] [2022-02-03T07:56:12.628Z] <<< [apiv2][status] GET https://firebase-public.firebaseio.com/cli.json 200
[debug] [2022-02-03T07:56:12.629Z] <<< [apiv2][body] GET https://firebase-public.firebaseio.com/cli.json {"cloudBuildErrorAfter":1594252800000,"cloudBuildWarnAfter":1590019200000,"defaultNode10After":1594252800000,"minVersion":"3.0.5","node8DeploysDisabledAfter":1613390400000,"node8RuntimeDisabledAfter":1615809600000,"node8WarnAfter":1600128000000}
[info] i  To change your data collection preference at any time, run `firebase logout` and log in again. 
[info] 
[info] Visit this URL on this device to log in:
[info] https://accounts.google.com/o/oauth2/auth?client_id=563584335869-fgrhgmd47bqnekij5i8b5pr03ho849e6.apps.googleusercontent.com&scope=email%20openid%20https%3A%2F%2Fwww.googleapis.com%2Fauth%2Fcloudplatformprojects.readonly%20https%3A%2F%2Fwww.googleapis.com%2Fauth%2Ffirebase%20https%3A%2F%2Fwww.googleapis.com%2Fauth%2Fcloud-platform&response_type=code&state=344287782&redirect_uri=http%3A%2F%2Flocalhost%3A9005
[info] 
[info] Waiting for authentication...
[debug] [2022-02-03T07:56:15.549Z] Error: spawn cmd ENOENT
    at Process.ChildProcess._handle.onexit (node:internal/child_process:282:19)
    at onErrorNT (node:internal/child_process:477:16)
    at processTicksAndRejections (node:internal/process/task_queues:83:21)
[error] 
[error] Error: An unexpected error has occurred.
[debug] [2022-02-03T07:57:33.773Z] ----------------------------------------------------------------------
[debug] [2022-02-03T07:57:33.774Z] Command:       C:\nvm\v16.13.2\node.exe C:\sparta_react\my_dic\node_modules\firebase-tools\lib\bin\firebase.js login
[debug] [2022-02-03T07:57:33.775Z] CLI Version:   10.1.4
[debug] [2022-02-03T07:57:33.775Z] Platform:      win32
[debug] [2022-02-03T07:57:33.775Z] Node Version:  v16.13.2
[debug] [2022-02-03T07:57:33.776Z] Time:          Thu Feb 03 2022 16:57:33 GMT+0900 (대한민국 표준시)
[debug] [2022-02-03T07:57:33.776Z] ----------------------------------------------------------------------
[debug] 
[info] i  Firebase optionally collects CLI usage and error reporting information to help improve our products. Data is collected in accordance with Google's privacy policy (https://policies.google.com/privacy) and is not used to identify you.
 
[info] i  To change your data collection preference at any time, run `firebase logout` and log in again. 
[info] 
[info] Visit this URL on this device to log in:
[info] https://accounts.google.com/o/oauth2/auth?client_id=563584335869-fgrhgmd47bqnekij5i8b5pr03ho849e6.apps.googleusercontent.com&scope=email%20openid%20https%3A%2F%2Fwww.googleapis.com%2Fauth%2Fcloudplatformprojects.readonly%20https%3A%2F%2Fwww.googleapis.com%2Fauth%2Ffirebase%20https%3A%2F%2Fwww.googleapis.com%2Fauth%2Fcloud-platform&response_type=code&state=658954597&redirect_uri=http%3A%2F%2Flocalhost%3A9005
[info] 
[info] Waiting for authentication...
[debug] [2022-02-03T07:57:37.649Z] Error: spawn cmd ENOENT
    at Process.ChildProcess._handle.onexit (node:internal/child_process:282:19)
    at onErrorNT (node:internal/child_process:477:16)
    at processTicksAndRejections (node:internal/process/task_queues:83:21)
[error] 
[error] Error: An unexpected error has occurred.
